2024-12-02 22:16:28,986 - INFO - input data name: audio_16kHz_token_down16_beh3.bin
2024-12-02 22:16:28,986 - INFO - behavior_list: ['3-stirring-fast'], modality_list: ['metal-scissor'], trail_list: [0, 1, 2, 3, 4, 5, 6, 7, 8, 9]
2024-12-02 22:16:28,986 - INFO - source_tool_list: ['plastic-spoon', 'wooden-fork', 'metal-whisk', 'wooden-chopstick', 'plastic-knife']
2024-12-02 22:16:28,986 - INFO - target_tool_list: ['metal-scissor']
2024-12-02 22:16:28,986 - INFO - old_object_list: ['cane-sugar', 'chia-seed', 'empty', 'glass-bead', 'plastic-bead', 'salt', 'kidney-bean', 'styrofoam-bead', 'water', 'wooden-button']
2024-12-02 22:16:28,986 - INFO - new_object_list: ['chickpea', 'detergent', 'metal-nut-bolt', 'split-green-pea', 'wheat']
2024-12-02 22:16:28,986 - INFO - loss_func: TL
2024-12-02 22:16:28,987 - DEBUG - ========================= New Run =========================
2024-12-02 22:16:28,988 - INFO - Encoder loss function: TL
2024-12-02 22:16:28,988 - DEBUG - behaviors:, 6, ['1-look', '2-stirring-slow', '3-stirring-fast', '4-stirring-twist', '5-whisk', '6-poke']
2024-12-02 22:16:28,988 - DEBUG - objects: , 15, {'empty', 'detergent', 'glass-bead', 'chickpea', 'wheat', 'split-green-pea', 'plastic-bead', 'salt', 'kidney-bean', 'chia-seed', 'styrofoam-bead', 'wooden-button', 'cane-sugar', 'metal-nut-bolt', 'water'}
2024-12-02 22:16:28,988 - DEBUG - tools: , 6, {'plastic-knife', 'wooden-chopstick', 'metal-scissor', 'wooden-fork', 'metal-whisk', 'plastic-spoon'}
2024-12-02 22:16:28,988 - DEBUG - trials: , 10, {'trial-3', 'trial-1', 'trial-2', 'trial-5', 'trial-8', 'trial-9', 'trial-4', 'trial-7', 'trial-0', 'trial-6'}
2024-12-02 22:16:29,027 - INFO - Encoder loss function: TL
2024-12-02 22:16:29,027 - DEBUG - behaviors:, 6, ['1-look', '2-stirring-slow', '3-stirring-fast', '4-stirring-twist', '5-whisk', '6-poke']
2024-12-02 22:16:29,027 - DEBUG - objects: , 15, {'empty', 'detergent', 'glass-bead', 'chickpea', 'wheat', 'split-green-pea', 'plastic-bead', 'salt', 'kidney-bean', 'chia-seed', 'styrofoam-bead', 'wooden-button', 'cane-sugar', 'metal-nut-bolt', 'water'}
2024-12-02 22:16:29,027 - DEBUG - tools: , 6, {'plastic-knife', 'wooden-chopstick', 'metal-scissor', 'wooden-fork', 'metal-whisk', 'plastic-spoon'}
2024-12-02 22:16:29,027 - DEBUG - trials: , 10, {'trial-3', 'trial-1', 'trial-2', 'trial-5', 'trial-8', 'trial-9', 'trial-4', 'trial-7', 'trial-0', 'trial-6'}
2024-12-02 22:16:29,028 - WARNING - train_TL_fixed_param function currently only applies the best TL alpha and training learning rate, all other hyper-params are by default from configs.
2024-12-02 22:16:29,028 - DEBUG - ➡️ train_encoder..
2024-12-02 22:16:29,028 - DEBUG - ➡️ get_data_and_convert_labels...
2024-12-02 22:16:29,028 - DEBUG - get source data for encoder: ['plastic-spoon']: ['detergent', 'kidney-bean', 'plastic-bead', 'chia-seed', 'salt', 'empty', 'metal-nut-bolt', 'wooden-button', 'styrofoam-bead', 'water', 'glass-bead', 'wheat', 'cane-sugar', 'split-green-pea', 'chickpea']
2024-12-02 22:16:29,028 - DEBUG - ➡️get_data...
2024-12-02 22:16:29,031 - DEBUG - data mata: {'3-stirring-fast': {'plastic-spoon': {'detergent': 10, 'kidney-bean': 10, 'plastic-bead': 10, 'chia-seed': 10, 'salt': 10, 'empty': 10, 'metal-nut-bolt': 10, 'wooden-button': 10, 'styrofoam-bead': 10, 'water': 10, 'glass-bead': 10, 'wheat': 10, 'cane-sugar': 10, 'split-green-pea': 10, 'chickpea': 10}}}
2024-12-02 22:16:29,031 - DEBUG - structured source tool data shape: torch.Size([1, 1, 15, 10, 100])
2024-12-02 22:16:29,031 - DEBUG - structured source tool label shape: torch.Size([1, 1, 15, 10, 1])
2024-12-02 22:16:29,031 - DEBUG - get target data for encoder: ['metal-scissor']: ['detergent', 'kidney-bean', 'plastic-bead', 'chia-seed', 'salt', 'empty', 'metal-nut-bolt', 'wooden-button', 'styrofoam-bead', 'water', 'glass-bead', 'wheat']
2024-12-02 22:16:29,031 - DEBUG - ➡️get_data...
2024-12-02 22:16:29,032 - DEBUG - data mata: {'3-stirring-fast': {'metal-scissor': {'detergent': 10, 'kidney-bean': 10, 'plastic-bead': 10, 'chia-seed': 10, 'salt': 10, 'empty': 10, 'metal-nut-bolt': 10, 'wooden-button': 10, 'styrofoam-bead': 10, 'water': 10, 'glass-bead': 10, 'wheat': 10}}}
2024-12-02 22:16:29,032 - DEBUG - structured source tool data shape: torch.Size([1, 1, 12, 10, 100])
2024-12-02 22:16:29,032 - DEBUG - structured source tool label shape: torch.Size([1, 1, 12, 10, 1])
2024-12-02 22:16:51,989 - INFO - epoch 500/2000, loss: 0.2908
2024-12-02 22:17:13,382 - INFO - epoch 1000/2000, loss: 0.3862
2024-12-02 22:17:35,356 - INFO - epoch 1500/2000, loss: 0.4142
2024-12-02 22:17:57,953 - INFO - epoch 2000/2000, loss: 0.2493
2024-12-02 22:17:57,953 - DEBUG - ➡️ plot_func for encoder: encoder_TL...
2024-12-02 22:17:58,388 - DEBUG - ➡️ train_classifier..
2024-12-02 22:17:58,388 - DEBUG - ➡️ prepare_data_classifier..
2024-12-02 22:17:58,388 - DEBUG - get source data for classifier from ['cane-sugar', 'split-green-pea', 'chickpea']
2024-12-02 22:17:58,388 - DEBUG - ➡️get_data...
2024-12-02 22:17:58,388 - DEBUG - data mata: {'3-stirring-fast': {'plastic-spoon': {'cane-sugar': 10, 'split-green-pea': 10, 'chickpea': 10}}}
2024-12-02 22:17:58,388 - DEBUG - structured source tool data shape: torch.Size([1, 1, 3, 10, 100])
2024-12-02 22:17:58,388 - DEBUG - structured source tool label shape: torch.Size([1, 1, 3, 10, 1])
2024-12-02 22:17:58,409 - DEBUG - train_truth: 
      tensor([[[[0, 0, 0, 0, 0, 0, 0, 0, 0, 0],
          [1, 1, 1, 1, 1, 1, 1, 1, 1, 1],
          [2, 2, 2, 2, 2, 2, 2, 2, 2, 2]]]], device='mps:0')
2024-12-02 22:17:58,409 - DEBUG - val_truth: 
      tensor([], device='mps:0', size=(1, 0, 3, 10), dtype=torch.int64)
2024-12-02 22:17:59,164 - INFO - epoch 500/2000, train loss: 0.5087, train accuracy: 100.00%, random guess accuracy: 33.33%
2024-12-02 22:17:59,845 - INFO - epoch 1000/2000, train loss: 0.3564, train accuracy: 100.00%, random guess accuracy: 33.33%
2024-12-02 22:18:00,526 - INFO - epoch 1500/2000, train loss: 0.2718, train accuracy: 96.67%, random guess accuracy: 33.33%
2024-12-02 22:18:01,132 - INFO - epoch 2000/2000, train loss: 0.2163, train accuracy: 100.00%, random guess accuracy: 33.33%
2024-12-02 22:18:01,132 - DEBUG - ➡️ plot_func for classifier: classifier_TL...
2024-12-02 22:18:01,299 - INFO - Evaluating the classifier...
2024-12-02 22:18:01,300 - DEBUG - ➡️ eval..
2024-12-02 22:18:01,300 - DEBUG - ['metal-scissor']: ['cane-sugar', 'split-green-pea', 'chickpea']
2024-12-02 22:18:01,300 - DEBUG - ➡️get_data...
2024-12-02 22:18:01,300 - DEBUG - data mata: {'3-stirring-fast': {'metal-scissor': {'cane-sugar': 10, 'split-green-pea': 10, 'chickpea': 10}}}
2024-12-02 22:18:01,300 - DEBUG - structured source tool data shape: torch.Size([1, 1, 3, 10, 100])
2024-12-02 22:18:01,300 - DEBUG - structured source tool label shape: torch.Size([1, 1, 3, 10, 1])
2024-12-02 22:18:01,302 - INFO - 30 true labels: [0, 0, 0, 0, 0, 0, 0, 0, 0, 0, 1, 1, 1, 1, 1, 1, 1, 1, 1, 1, 2, 2, 2, 2, 2, 2, 2, 2, 2, 2]
2024-12-02 22:18:01,302 - INFO - 30 pred labels: [0, 0, 0, 0, 0, 0, 0, 0, 0, 1, 0, 1, 1, 0, 1, 1, 0, 0, 1, 1, 0, 2, 2, 2, 2, 2, 2, 2, 2, 2]
2024-12-02 22:18:01,302 - INFO - test accuracy: 80.00%, random guess accuracy: 33.33%
2024-12-02 22:18:01,302 - INFO - ✅✅✅ test accuracy is: 80.0%, random guess accuracy: 33.33%
2024-12-02 22:37:03,255 - INFO - input data name: audio_16kHz_token_down16_beh3.bin
2024-12-02 22:37:03,256 - INFO - behavior_list: ['3-stirring-fast'], modality_list: ['metal-scissor'], trail_list: [0, 1, 2, 3, 4, 5, 6, 7, 8, 9]
2024-12-02 22:37:03,256 - INFO - source_tool_list: ['plastic-spoon', 'wooden-fork', 'metal-whisk', 'wooden-chopstick', 'plastic-knife']
2024-12-02 22:37:03,256 - INFO - target_tool_list: ['metal-scissor']
2024-12-02 22:37:03,256 - INFO - old_object_list: ['cane-sugar', 'chia-seed', 'empty', 'glass-bead', 'plastic-bead', 'salt', 'kidney-bean', 'styrofoam-bead', 'water', 'wooden-button']
2024-12-02 22:37:03,256 - INFO - new_object_list: ['chickpea', 'detergent', 'metal-nut-bolt', 'split-green-pea', 'wheat']
2024-12-02 22:37:03,257 - INFO - loss_func: TL
2024-12-02 22:37:03,257 - DEBUG - ========================= New Run =========================
2024-12-02 22:37:03,260 - INFO - Encoder loss function: TL
2024-12-02 22:37:03,261 - DEBUG - behaviors:, 6, ['1-look', '2-stirring-slow', '3-stirring-fast', '4-stirring-twist', '5-whisk', '6-poke']
2024-12-02 22:37:03,261 - DEBUG - objects: , 15, {'glass-bead', 'cane-sugar', 'chickpea', 'kidney-bean', 'split-green-pea', 'wheat', 'water', 'chia-seed', 'metal-nut-bolt', 'empty', 'plastic-bead', 'wooden-button', 'salt', 'styrofoam-bead', 'detergent'}
2024-12-02 22:37:03,261 - DEBUG - tools: , 6, {'metal-whisk', 'metal-scissor', 'plastic-knife', 'wooden-chopstick', 'plastic-spoon', 'wooden-fork'}
2024-12-02 22:37:03,261 - DEBUG - trials: , 10, {'trial-4', 'trial-9', 'trial-0', 'trial-3', 'trial-6', 'trial-8', 'trial-1', 'trial-7', 'trial-2', 'trial-5'}
2024-12-02 22:37:03,303 - INFO - Encoder loss function: TL
2024-12-02 22:37:03,303 - DEBUG - behaviors:, 6, ['1-look', '2-stirring-slow', '3-stirring-fast', '4-stirring-twist', '5-whisk', '6-poke']
2024-12-02 22:37:03,303 - DEBUG - objects: , 15, {'glass-bead', 'cane-sugar', 'chickpea', 'kidney-bean', 'split-green-pea', 'wheat', 'water', 'chia-seed', 'metal-nut-bolt', 'empty', 'plastic-bead', 'wooden-button', 'salt', 'styrofoam-bead', 'detergent'}
2024-12-02 22:37:03,303 - DEBUG - tools: , 6, {'metal-whisk', 'metal-scissor', 'plastic-knife', 'wooden-chopstick', 'plastic-spoon', 'wooden-fork'}
2024-12-02 22:37:03,303 - DEBUG - trials: , 10, {'trial-4', 'trial-9', 'trial-0', 'trial-3', 'trial-6', 'trial-8', 'trial-1', 'trial-7', 'trial-2', 'trial-5'}
2024-12-02 22:37:03,304 - INFO - ###########################search start###########################
2024-12-02 22:37:03,304 - INFO - Learning rate for the encoder is:  0.01
2024-12-02 22:37:03,304 - INFO - TL margin is:  0.5
2024-12-02 22:37:03,304 - INFO - =========================cv start=========================
2024-12-02 22:37:03,304 - INFO - ------------------fold 1/2 start-----------------
2024-12-02 22:37:03,304 - INFO - 👉 training representation encoder...
2024-12-02 22:37:03,304 - DEBUG - ➡️ train_encoder..
2024-12-02 22:37:03,304 - DEBUG - ➡️ get_data_and_convert_labels...
2024-12-02 22:37:03,304 - DEBUG - get source data for encoder: ['plastic-spoon']: ['metal-nut-bolt', 'wooden-button', 'styrofoam-bead', 'water', 'glass-bead', 'wheat', 'detergent', 'kidney-bean', 'plastic-bead', 'chia-seed', 'salt', 'empty']
2024-12-02 22:37:03,304 - DEBUG - ➡️get_data...
2024-12-02 22:37:03,315 - DEBUG - data mata: {'3-stirring-fast': {'plastic-spoon': {'metal-nut-bolt': 10, 'wooden-button': 10, 'styrofoam-bead': 10, 'water': 10, 'glass-bead': 10, 'wheat': 10, 'detergent': 10, 'kidney-bean': 10, 'plastic-bead': 10, 'chia-seed': 10, 'salt': 10, 'empty': 10}}}
2024-12-02 22:37:03,315 - DEBUG - structured source tool data shape: torch.Size([1, 1, 12, 10, 100])
2024-12-02 22:37:03,316 - DEBUG - structured source tool label shape: torch.Size([1, 1, 12, 10, 1])
2024-12-02 22:37:03,316 - DEBUG - get target data for encoder: ['metal-scissor']: ['metal-nut-bolt', 'wooden-button', 'styrofoam-bead', 'water', 'glass-bead', 'wheat']
2024-12-02 22:37:03,316 - DEBUG - ➡️get_data...
2024-12-02 22:37:03,316 - DEBUG - data mata: {'3-stirring-fast': {'metal-scissor': {'metal-nut-bolt': 10, 'wooden-button': 10, 'styrofoam-bead': 10, 'water': 10, 'glass-bead': 10, 'wheat': 10}}}
2024-12-02 22:37:03,316 - DEBUG - structured source tool data shape: torch.Size([1, 1, 6, 10, 100])
2024-12-02 22:37:03,316 - DEBUG - structured source tool label shape: torch.Size([1, 1, 6, 10, 1])
2024-12-02 22:37:33,035 - INFO - input data name: audio_16kHz_token_down16_beh3.bin
2024-12-02 22:37:33,035 - INFO - behavior_list: ['3-stirring-fast'], modality_list: ['metal-scissor'], trail_list: [0, 1, 2, 3, 4, 5, 6, 7, 8, 9]
2024-12-02 22:37:33,036 - INFO - source_tool_list: ['plastic-spoon', 'wooden-fork', 'metal-whisk', 'wooden-chopstick', 'plastic-knife']
2024-12-02 22:37:33,036 - INFO - target_tool_list: ['metal-scissor']
2024-12-02 22:37:33,036 - INFO - old_object_list: ['cane-sugar', 'chia-seed', 'empty', 'glass-bead', 'plastic-bead', 'salt', 'kidney-bean', 'styrofoam-bead', 'water', 'wooden-button']
2024-12-02 22:37:33,036 - INFO - new_object_list: ['chickpea', 'detergent', 'metal-nut-bolt', 'split-green-pea', 'wheat']
2024-12-02 22:37:33,036 - INFO - loss_func: TL
2024-12-02 22:37:33,036 - DEBUG - ========================= New Run =========================
2024-12-02 22:37:33,038 - INFO - Encoder loss function: TL
2024-12-02 22:37:33,038 - DEBUG - behaviors:, 6, ['1-look', '2-stirring-slow', '3-stirring-fast', '4-stirring-twist', '5-whisk', '6-poke']
2024-12-02 22:37:33,038 - DEBUG - objects: , 15, {'salt', 'glass-bead', 'wooden-button', 'empty', 'detergent', 'water', 'kidney-bean', 'wheat', 'metal-nut-bolt', 'cane-sugar', 'chia-seed', 'chickpea', 'split-green-pea', 'styrofoam-bead', 'plastic-bead'}
2024-12-02 22:37:33,038 - DEBUG - tools: , 6, {'wooden-chopstick', 'plastic-spoon', 'plastic-knife', 'metal-whisk', 'wooden-fork', 'metal-scissor'}
2024-12-02 22:37:33,038 - DEBUG - trials: , 10, {'trial-1', 'trial-9', 'trial-2', 'trial-0', 'trial-3', 'trial-6', 'trial-5', 'trial-8', 'trial-7', 'trial-4'}
2024-12-02 22:37:33,080 - INFO - Encoder loss function: TL
2024-12-02 22:37:33,080 - DEBUG - behaviors:, 6, ['1-look', '2-stirring-slow', '3-stirring-fast', '4-stirring-twist', '5-whisk', '6-poke']
2024-12-02 22:37:33,080 - DEBUG - objects: , 15, {'salt', 'glass-bead', 'wooden-button', 'empty', 'detergent', 'water', 'kidney-bean', 'wheat', 'metal-nut-bolt', 'cane-sugar', 'chia-seed', 'chickpea', 'split-green-pea', 'styrofoam-bead', 'plastic-bead'}
2024-12-02 22:37:33,080 - DEBUG - tools: , 6, {'wooden-chopstick', 'plastic-spoon', 'plastic-knife', 'metal-whisk', 'wooden-fork', 'metal-scissor'}
2024-12-02 22:37:33,080 - DEBUG - trials: , 10, {'trial-1', 'trial-9', 'trial-2', 'trial-0', 'trial-3', 'trial-6', 'trial-5', 'trial-8', 'trial-7', 'trial-4'}
2024-12-02 22:37:33,081 - WARNING - train_TL_fixed_param function currently only applies the best TL alpha and training learning rate, all other hyper-params are by default from configs.
2024-12-02 22:37:33,081 - DEBUG - ➡️ train_encoder..
2024-12-02 22:37:33,081 - DEBUG - ➡️ get_data_and_convert_labels...
2024-12-02 22:37:33,081 - DEBUG - get source data for encoder: ['plastic-spoon']: ['detergent', 'kidney-bean', 'plastic-bead', 'chia-seed', 'salt', 'empty', 'metal-nut-bolt', 'wooden-button', 'styrofoam-bead', 'water', 'glass-bead', 'wheat', 'cane-sugar', 'split-green-pea', 'chickpea']
2024-12-02 22:37:33,081 - DEBUG - ➡️get_data...
2024-12-02 22:37:33,084 - DEBUG - data mata: {'3-stirring-fast': {'plastic-spoon': {'detergent': 10, 'kidney-bean': 10, 'plastic-bead': 10, 'chia-seed': 10, 'salt': 10, 'empty': 10, 'metal-nut-bolt': 10, 'wooden-button': 10, 'styrofoam-bead': 10, 'water': 10, 'glass-bead': 10, 'wheat': 10, 'cane-sugar': 10, 'split-green-pea': 10, 'chickpea': 10}}}
2024-12-02 22:37:33,084 - DEBUG - structured source tool data shape: torch.Size([1, 1, 15, 10, 100])
2024-12-02 22:37:33,084 - DEBUG - structured source tool label shape: torch.Size([1, 1, 15, 10, 1])
2024-12-02 22:37:33,084 - DEBUG - get target data for encoder: ['metal-scissor']: ['detergent', 'kidney-bean', 'plastic-bead', 'chia-seed', 'salt', 'empty', 'metal-nut-bolt', 'wooden-button', 'styrofoam-bead', 'water', 'glass-bead', 'wheat']
2024-12-02 22:37:33,084 - DEBUG - ➡️get_data...
2024-12-02 22:37:33,085 - DEBUG - data mata: {'3-stirring-fast': {'metal-scissor': {'detergent': 10, 'kidney-bean': 10, 'plastic-bead': 10, 'chia-seed': 10, 'salt': 10, 'empty': 10, 'metal-nut-bolt': 10, 'wooden-button': 10, 'styrofoam-bead': 10, 'water': 10, 'glass-bead': 10, 'wheat': 10}}}
2024-12-02 22:37:33,085 - DEBUG - structured source tool data shape: torch.Size([1, 1, 12, 10, 100])
2024-12-02 22:37:33,085 - DEBUG - structured source tool label shape: torch.Size([1, 1, 12, 10, 1])
2024-12-02 22:37:57,164 - INFO - epoch 500/2000, loss: 0.2908
2024-12-02 22:38:19,692 - INFO - epoch 1000/2000, loss: 0.3862
2024-12-02 22:38:42,287 - INFO - epoch 1500/2000, loss: 0.4142
2024-12-02 22:39:05,050 - INFO - epoch 2000/2000, loss: 0.2493
2024-12-02 22:39:05,050 - DEBUG - ➡️ plot_func for encoder: encoder_TL...
2024-12-02 22:39:05,692 - DEBUG - ➡️ train_classifier..
2024-12-02 22:39:05,693 - DEBUG - ➡️ prepare_data_classifier..
2024-12-02 22:39:05,693 - DEBUG - get source data for classifier from ['cane-sugar', 'split-green-pea', 'chickpea']
2024-12-02 22:39:05,693 - DEBUG - ➡️get_data...
2024-12-02 22:39:05,693 - DEBUG - data mata: {'3-stirring-fast': {'plastic-spoon': {'cane-sugar': 10, 'split-green-pea': 10, 'chickpea': 10}}}
2024-12-02 22:39:05,693 - DEBUG - structured source tool data shape: torch.Size([1, 1, 3, 10, 100])
2024-12-02 22:39:05,693 - DEBUG - structured source tool label shape: torch.Size([1, 1, 3, 10, 1])
2024-12-02 22:39:05,717 - DEBUG - train_truth: 
      tensor([[[[0, 0, 0, 0, 0, 0, 0, 0, 0, 0],
          [1, 1, 1, 1, 1, 1, 1, 1, 1, 1],
          [2, 2, 2, 2, 2, 2, 2, 2, 2, 2]]]], device='mps:0')
2024-12-02 22:39:05,717 - DEBUG - val_truth: 
      tensor([], device='mps:0', size=(1, 0, 3, 10), dtype=torch.int64)
2024-12-02 22:39:06,616 - INFO - epoch 500/2000, train loss: 0.5087, train accuracy: 100.00%, random guess accuracy: 33.33%
2024-12-02 22:39:07,404 - INFO - epoch 1000/2000, train loss: 0.3564, train accuracy: 100.00%, random guess accuracy: 33.33%
2024-12-02 22:39:08,179 - INFO - epoch 1500/2000, train loss: 0.2718, train accuracy: 96.67%, random guess accuracy: 33.33%
2024-12-02 22:39:08,961 - INFO - epoch 2000/2000, train loss: 0.2163, train accuracy: 100.00%, random guess accuracy: 33.33%
2024-12-02 22:39:08,962 - DEBUG - ➡️ plot_func for classifier: classifier_TL...
2024-12-02 22:39:09,168 - INFO - Evaluating the classifier...
2024-12-02 22:39:09,168 - DEBUG - ➡️ eval..
2024-12-02 22:39:09,168 - DEBUG - ['metal-scissor']: ['cane-sugar', 'split-green-pea', 'chickpea']
2024-12-02 22:39:09,168 - DEBUG - ➡️get_data...
2024-12-02 22:39:09,169 - DEBUG - data mata: {'3-stirring-fast': {'metal-scissor': {'cane-sugar': 10, 'split-green-pea': 10, 'chickpea': 10}}}
2024-12-02 22:39:09,169 - DEBUG - structured source tool data shape: torch.Size([1, 1, 3, 10, 100])
2024-12-02 22:39:09,169 - DEBUG - structured source tool label shape: torch.Size([1, 1, 3, 10, 1])
2024-12-02 22:39:09,171 - INFO - 30 true labels: [0, 0, 0, 0, 0, 0, 0, 0, 0, 0, 1, 1, 1, 1, 1, 1, 1, 1, 1, 1, 2, 2, 2, 2, 2, 2, 2, 2, 2, 2]
2024-12-02 22:39:09,171 - INFO - 30 pred labels: [0, 0, 0, 0, 0, 0, 0, 0, 0, 1, 0, 1, 1, 0, 1, 1, 0, 0, 1, 1, 0, 2, 2, 2, 2, 2, 2, 2, 2, 2]
2024-12-02 22:39:09,171 - INFO - test accuracy: 80.00%, random guess accuracy: 33.33%
2024-12-02 22:39:09,171 - INFO - ✅✅✅ test accuracy is: 80.0%, random guess accuracy: 33.33%
2024-12-02 22:39:09,171 - DEBUG - ➡️ get_all_embeddings...
2024-12-02 22:39:09,171 - DEBUG - ➡️get_data...
2024-12-02 22:39:09,171 - DEBUG - No data.
2024-12-02 22:39:09,171 - DEBUG - encoded_data shape for ['plastic-spoon', 'wooden-fork', 'metal-whisk', 'wooden-chopstick', 'plastic-knife'] and 0 objects: (0, 2)
2024-12-02 22:39:09,171 - DEBUG - labels shape for ['plastic-spoon', 'wooden-fork', 'metal-whisk', 'wooden-chopstick', 'plastic-knife'] and 0 objects: (0, 1)
2024-12-02 22:39:09,171 - DEBUG - ➡️get_data...
2024-12-02 22:39:09,172 - DEBUG - data mata: {'3-stirring-fast': {'plastic-spoon': {'chickpea': 10, 'detergent': 10, 'metal-nut-bolt': 10, 'split-green-pea': 10, 'wheat': 10}, 'wooden-fork': {'chickpea': 10, 'detergent': 10, 'metal-nut-bolt': 10, 'split-green-pea': 10, 'wheat': 10}, 'metal-whisk': {'chickpea': 10, 'detergent': 10, 'metal-nut-bolt': 10, 'split-green-pea': 10, 'wheat': 10}, 'wooden-chopstick': {'chickpea': 10, 'detergent': 10, 'metal-nut-bolt': 10, 'split-green-pea': 10, 'wheat': 10}, 'plastic-knife': {'chickpea': 10, 'detergent': 10, 'metal-nut-bolt': 10, 'split-green-pea': 10, 'wheat': 10}}}
2024-12-02 22:39:09,172 - DEBUG - structured source tool data shape: torch.Size([1, 5, 5, 10, 100])
2024-12-02 22:39:09,172 - DEBUG - structured source tool label shape: torch.Size([1, 5, 5, 10, 1])
2024-12-02 22:39:09,243 - DEBUG - encoded_data shape for ['plastic-spoon', 'wooden-fork', 'metal-whisk', 'wooden-chopstick', 'plastic-knife'] and 5 objects: (250, 2)
2024-12-02 22:39:09,243 - DEBUG - labels shape for ['plastic-spoon', 'wooden-fork', 'metal-whisk', 'wooden-chopstick', 'plastic-knife'] and 5 objects: (250, 1)
2024-12-02 22:39:09,243 - DEBUG - ➡️get_data...
2024-12-02 22:39:09,243 - DEBUG - No data.
2024-12-02 22:39:09,243 - DEBUG - encoded_data shape for [] and 0 objects: (0, 2)
2024-12-02 22:39:09,243 - DEBUG - labels shape for [] and 0 objects: (0, 1)
2024-12-02 22:39:09,243 - DEBUG - ➡️get_data...
2024-12-02 22:39:09,243 - DEBUG - No data.
2024-12-02 22:39:09,243 - DEBUG - encoded_data shape for [] and 5 objects: (0, 2)
2024-12-02 22:39:09,243 - DEBUG - labels shape for [] and 5 objects: (0, 1)
2024-12-02 22:39:09,243 - DEBUG - ➡️get_data...
2024-12-02 22:39:09,243 - DEBUG - No data.
2024-12-02 22:39:09,243 - DEBUG - encoded_data shape for ['metal-scissor'] and 0 objects: (0, 2)
2024-12-02 22:39:09,243 - DEBUG - labels shape for ['metal-scissor'] and 0 objects: (0, 1)
2024-12-02 22:39:09,243 - DEBUG - ➡️get_data...
2024-12-02 22:39:09,244 - DEBUG - data mata: {'3-stirring-fast': {'metal-scissor': {'chickpea': 10, 'detergent': 10, 'metal-nut-bolt': 10, 'split-green-pea': 10, 'wheat': 10}}}
2024-12-02 22:39:09,244 - DEBUG - structured source tool data shape: torch.Size([1, 1, 5, 10, 100])
2024-12-02 22:39:09,244 - DEBUG - structured source tool label shape: torch.Size([1, 1, 5, 10, 1])
2024-12-02 22:39:09,268 - DEBUG - encoded_data shape for ['metal-scissor'] and 5 objects: (50, 2)
2024-12-02 22:39:09,268 - DEBUG - labels shape for ['metal-scissor'] and 5 objects: (50, 1)
2024-12-02 22:39:09,268 - DEBUG - groups of data: 6
2024-12-02 22:39:09,268 - DEBUG - groups of labels: 6
2024-12-02 22:39:09,281 - DEBUG - subset_obj_idx: [9, 2, 14, 7, 8], unique labels: [0 1 2]
2024-12-02 22:39:09,474 - DEBUG - subset_obj_idx: [9, 2, 14, 7, 8], unique labels: [0 1 2 3 4]
2024-12-02 22:39:09,474 - DEBUG - subset_obj_idx: [9, 2, 14, 7, 8], unique labels: [0 1 2 3 4]
2024-12-02 22:39:09,475 - DEBUG - subset_obj_idx: [9, 2, 14, 7, 8], unique labels: []
2024-12-02 23:03:43,133 - INFO - input data name: audio_16kHz_token_down16_beh3.bin
2024-12-02 23:03:43,133 - INFO - behavior_list: ['3-stirring-fast'], modality_list: ['metal-scissor'], trail_list: [0, 1, 2, 3, 4, 5, 6, 7, 8, 9]
2024-12-02 23:03:43,133 - INFO - source_tool_list: ['plastic-spoon', 'wooden-fork', 'metal-whisk', 'wooden-chopstick', 'plastic-knife']
2024-12-02 23:03:43,133 - INFO - target_tool_list: ['metal-scissor']
2024-12-02 23:03:43,133 - INFO - old_object_list: ['cane-sugar', 'chia-seed', 'empty', 'glass-bead', 'plastic-bead', 'salt', 'kidney-bean', 'styrofoam-bead', 'water', 'wooden-button']
2024-12-02 23:03:43,133 - INFO - new_object_list: ['chickpea', 'detergent', 'metal-nut-bolt', 'split-green-pea', 'wheat']
2024-12-02 23:03:43,133 - INFO - loss_func: TL
2024-12-02 23:03:43,133 - DEBUG - ========================= New Run =========================
2024-12-02 23:03:43,135 - INFO - Encoder loss function: TL
2024-12-02 23:03:43,135 - DEBUG - behaviors:, 6, ['1-look', '2-stirring-slow', '3-stirring-fast', '4-stirring-twist', '5-whisk', '6-poke']
2024-12-02 23:03:43,135 - DEBUG - objects: , 15, {'wooden-button', 'water', 'styrofoam-bead', 'detergent', 'kidney-bean', 'split-green-pea', 'glass-bead', 'chickpea', 'plastic-bead', 'chia-seed', 'wheat', 'salt', 'cane-sugar', 'metal-nut-bolt', 'empty'}
2024-12-02 23:03:43,135 - DEBUG - tools: , 6, {'wooden-fork', 'plastic-knife', 'metal-scissor', 'metal-whisk', 'plastic-spoon', 'wooden-chopstick'}
2024-12-02 23:03:43,135 - DEBUG - trials: , 10, {'trial-5', 'trial-9', 'trial-2', 'trial-4', 'trial-3', 'trial-6', 'trial-0', 'trial-1', 'trial-8', 'trial-7'}
2024-12-02 23:03:43,176 - INFO - Encoder loss function: TL
2024-12-02 23:03:43,176 - DEBUG - behaviors:, 6, ['1-look', '2-stirring-slow', '3-stirring-fast', '4-stirring-twist', '5-whisk', '6-poke']
2024-12-02 23:03:43,176 - DEBUG - objects: , 15, {'wooden-button', 'water', 'styrofoam-bead', 'detergent', 'kidney-bean', 'split-green-pea', 'glass-bead', 'chickpea', 'plastic-bead', 'chia-seed', 'wheat', 'salt', 'cane-sugar', 'metal-nut-bolt', 'empty'}
2024-12-02 23:03:43,176 - DEBUG - tools: , 6, {'wooden-fork', 'plastic-knife', 'metal-scissor', 'metal-whisk', 'plastic-spoon', 'wooden-chopstick'}
2024-12-02 23:03:43,176 - DEBUG - trials: , 10, {'trial-5', 'trial-9', 'trial-2', 'trial-4', 'trial-3', 'trial-6', 'trial-0', 'trial-1', 'trial-8', 'trial-7'}
2024-12-02 23:03:43,177 - WARNING - train_TL_fixed_param function currently only applies the best TL alpha and training learning rate, all other hyper-params are by default from configs.
2024-12-02 23:03:43,177 - DEBUG - ➡️ train_encoder..
2024-12-02 23:03:43,177 - DEBUG - ➡️ get_data_and_convert_labels...
2024-12-02 23:03:43,177 - DEBUG - get source data for encoder: ['plastic-spoon']: ['detergent', 'kidney-bean', 'plastic-bead', 'chia-seed', 'salt', 'empty', 'metal-nut-bolt', 'wooden-button', 'styrofoam-bead', 'water', 'glass-bead', 'wheat', 'cane-sugar', 'split-green-pea', 'chickpea']
2024-12-02 23:03:43,177 - DEBUG - ➡️get_data...
2024-12-02 23:03:43,180 - DEBUG - data mata: {'3-stirring-fast': {'plastic-spoon': {'detergent': 10, 'kidney-bean': 10, 'plastic-bead': 10, 'chia-seed': 10, 'salt': 10, 'empty': 10, 'metal-nut-bolt': 10, 'wooden-button': 10, 'styrofoam-bead': 10, 'water': 10, 'glass-bead': 10, 'wheat': 10, 'cane-sugar': 10, 'split-green-pea': 10, 'chickpea': 10}}}
2024-12-02 23:03:43,180 - DEBUG - structured source tool data shape: torch.Size([1, 1, 15, 10, 100])
2024-12-02 23:03:43,180 - DEBUG - structured source tool label shape: torch.Size([1, 1, 15, 10, 1])
2024-12-02 23:03:43,180 - DEBUG - get target data for encoder: ['metal-scissor']: ['detergent', 'kidney-bean', 'plastic-bead', 'chia-seed', 'salt', 'empty', 'metal-nut-bolt', 'wooden-button', 'styrofoam-bead', 'water', 'glass-bead', 'wheat']
2024-12-02 23:03:43,180 - DEBUG - ➡️get_data...
2024-12-02 23:03:43,181 - DEBUG - data mata: {'3-stirring-fast': {'metal-scissor': {'detergent': 10, 'kidney-bean': 10, 'plastic-bead': 10, 'chia-seed': 10, 'salt': 10, 'empty': 10, 'metal-nut-bolt': 10, 'wooden-button': 10, 'styrofoam-bead': 10, 'water': 10, 'glass-bead': 10, 'wheat': 10}}}
2024-12-02 23:03:43,181 - DEBUG - structured source tool data shape: torch.Size([1, 1, 12, 10, 100])
2024-12-02 23:03:43,181 - DEBUG - structured source tool label shape: torch.Size([1, 1, 12, 10, 1])
2024-12-02 23:03:46,598 - DEBUG - ➡️ plot_func for encoder: encoder_TL...
2024-12-02 23:03:47,123 - DEBUG - ➡️ train_classifier..
2024-12-02 23:03:47,123 - DEBUG - ➡️ prepare_data_classifier..
2024-12-02 23:03:47,123 - DEBUG - get source data for classifier from ['cane-sugar', 'split-green-pea', 'chickpea']
2024-12-02 23:03:47,123 - DEBUG - ➡️get_data...
2024-12-02 23:03:47,124 - DEBUG - data mata: {'3-stirring-fast': {'plastic-spoon': {'cane-sugar': 10, 'split-green-pea': 10, 'chickpea': 10}}}
2024-12-02 23:03:47,124 - DEBUG - structured source tool data shape: torch.Size([1, 1, 3, 10, 100])
2024-12-02 23:03:47,124 - DEBUG - structured source tool label shape: torch.Size([1, 1, 3, 10, 1])
2024-12-02 23:03:47,148 - DEBUG - train_truth: 
      tensor([[[[0, 0, 0, 0, 0, 0, 0, 0, 0, 0],
          [1, 1, 1, 1, 1, 1, 1, 1, 1, 1],
          [2, 2, 2, 2, 2, 2, 2, 2, 2, 2]]]], device='mps:0')
2024-12-02 23:03:47,148 - DEBUG - val_truth: 
      tensor([], device='mps:0', size=(1, 0, 3, 10), dtype=torch.int64)
2024-12-02 23:03:47,376 - DEBUG - ➡️ plot_func for classifier: classifier_TL...
2024-12-02 23:03:47,581 - INFO - Evaluating the classifier...
2024-12-02 23:03:47,581 - DEBUG - ➡️ eval..
2024-12-02 23:03:47,581 - DEBUG - ['metal-scissor']: ['cane-sugar', 'split-green-pea', 'chickpea']
2024-12-02 23:03:47,581 - DEBUG - ➡️get_data...
2024-12-02 23:03:47,582 - DEBUG - data mata: {'3-stirring-fast': {'metal-scissor': {'cane-sugar': 10, 'split-green-pea': 10, 'chickpea': 10}}}
2024-12-02 23:03:47,582 - DEBUG - structured source tool data shape: torch.Size([1, 1, 3, 10, 100])
2024-12-02 23:03:47,582 - DEBUG - structured source tool label shape: torch.Size([1, 1, 3, 10, 1])
2024-12-02 23:03:47,603 - INFO - 30 true labels: [0, 0, 0, 0, 0, 0, 0, 0, 0, 0, 1, 1, 1, 1, 1, 1, 1, 1, 1, 1, 2, 2, 2, 2, 2, 2, 2, 2, 2, 2]
2024-12-02 23:03:47,603 - INFO - 30 pred labels: [2, 2, 2, 2, 2, 2, 2, 2, 2, 2, 2, 2, 2, 2, 2, 2, 2, 2, 2, 2, 2, 2, 2, 2, 2, 2, 2, 2, 2, 2]
2024-12-02 23:03:47,603 - INFO - test accuracy: 33.33%, random guess accuracy: 33.33%
2024-12-02 23:03:47,603 - INFO - ✅✅✅ test accuracy is: 33.3%, random guess accuracy: 33.33%
2024-12-02 23:03:47,603 - DEBUG - ➡️ get_all_embeddings...
2024-12-02 23:03:47,603 - DEBUG - ➡️get_data...
2024-12-02 23:03:47,603 - DEBUG - No data.
2024-12-02 23:03:47,603 - DEBUG - encoded_data shape for ['plastic-spoon', 'wooden-fork', 'metal-whisk', 'wooden-chopstick', 'plastic-knife'] and 0 objects: (0, 2)
2024-12-02 23:03:47,603 - DEBUG - labels shape for ['plastic-spoon', 'wooden-fork', 'metal-whisk', 'wooden-chopstick', 'plastic-knife'] and 0 objects: (0, 1)
2024-12-02 23:03:47,603 - DEBUG - ➡️get_data...
2024-12-02 23:03:47,605 - DEBUG - data mata: {'3-stirring-fast': {'plastic-spoon': {'chickpea': 10, 'detergent': 10, 'metal-nut-bolt': 10, 'split-green-pea': 10, 'wheat': 10}, 'wooden-fork': {'chickpea': 10, 'detergent': 10, 'metal-nut-bolt': 10, 'split-green-pea': 10, 'wheat': 10}, 'metal-whisk': {'chickpea': 10, 'detergent': 10, 'metal-nut-bolt': 10, 'split-green-pea': 10, 'wheat': 10}, 'wooden-chopstick': {'chickpea': 10, 'detergent': 10, 'metal-nut-bolt': 10, 'split-green-pea': 10, 'wheat': 10}, 'plastic-knife': {'chickpea': 10, 'detergent': 10, 'metal-nut-bolt': 10, 'split-green-pea': 10, 'wheat': 10}}}
2024-12-02 23:03:47,605 - DEBUG - structured source tool data shape: torch.Size([1, 5, 5, 10, 100])
2024-12-02 23:03:47,605 - DEBUG - structured source tool label shape: torch.Size([1, 5, 5, 10, 1])
2024-12-02 23:03:47,675 - DEBUG - encoded_data shape for ['plastic-spoon', 'wooden-fork', 'metal-whisk', 'wooden-chopstick', 'plastic-knife'] and 5 objects: (250, 2)
2024-12-02 23:03:47,675 - DEBUG - labels shape for ['plastic-spoon', 'wooden-fork', 'metal-whisk', 'wooden-chopstick', 'plastic-knife'] and 5 objects: (250, 1)
2024-12-02 23:03:47,675 - DEBUG - ➡️get_data...
2024-12-02 23:03:47,675 - DEBUG - No data.
2024-12-02 23:03:47,675 - DEBUG - encoded_data shape for [] and 0 objects: (0, 2)
2024-12-02 23:03:47,675 - DEBUG - labels shape for [] and 0 objects: (0, 1)
2024-12-02 23:03:47,675 - DEBUG - ➡️get_data...
2024-12-02 23:03:47,675 - DEBUG - No data.
2024-12-02 23:03:47,675 - DEBUG - encoded_data shape for [] and 5 objects: (0, 2)
2024-12-02 23:03:47,675 - DEBUG - labels shape for [] and 5 objects: (0, 1)
2024-12-02 23:03:47,675 - DEBUG - ➡️get_data...
2024-12-02 23:03:47,675 - DEBUG - No data.
2024-12-02 23:03:47,675 - DEBUG - encoded_data shape for ['metal-scissor'] and 0 objects: (0, 2)
2024-12-02 23:03:47,675 - DEBUG - labels shape for ['metal-scissor'] and 0 objects: (0, 1)
2024-12-02 23:03:47,675 - DEBUG - ➡️get_data...
2024-12-02 23:03:47,676 - DEBUG - data mata: {'3-stirring-fast': {'metal-scissor': {'chickpea': 10, 'detergent': 10, 'metal-nut-bolt': 10, 'split-green-pea': 10, 'wheat': 10}}}
2024-12-02 23:03:47,676 - DEBUG - structured source tool data shape: torch.Size([1, 1, 5, 10, 100])
2024-12-02 23:03:47,676 - DEBUG - structured source tool label shape: torch.Size([1, 1, 5, 10, 1])
2024-12-02 23:03:47,699 - DEBUG - encoded_data shape for ['metal-scissor'] and 5 objects: (50, 2)
2024-12-02 23:03:47,699 - DEBUG - labels shape for ['metal-scissor'] and 5 objects: (50, 1)
2024-12-02 23:03:47,699 - DEBUG - groups of data: 6
2024-12-02 23:03:47,699 - DEBUG - groups of labels: 6
2024-12-02 23:03:47,713 - DEBUG - subset_obj_idx: [4, 7, 9], unique labels: [0 1 2]
2024-12-02 23:03:47,841 - DEBUG - subset_obj_idx: [4, 7, 9], unique labels: [0 1 2 3 4]
2024-12-02 23:11:11,413 - INFO - input data name: audio_16kHz_token_down16_beh3.bin
2024-12-02 23:11:11,413 - INFO - behavior_list: ['3-stirring-fast'], modality_list: ['metal-scissor'], trail_list: [0, 1, 2, 3, 4, 5, 6, 7, 8, 9]
2024-12-02 23:11:11,413 - INFO - source_tool_list: ['plastic-spoon', 'wooden-fork', 'metal-whisk', 'wooden-chopstick', 'plastic-knife']
2024-12-02 23:11:11,413 - INFO - target_tool_list: ['metal-scissor']
2024-12-02 23:11:11,413 - INFO - old_object_list: ['cane-sugar', 'chia-seed', 'empty', 'glass-bead', 'plastic-bead', 'salt', 'kidney-bean', 'styrofoam-bead', 'water', 'wooden-button']
2024-12-02 23:11:11,413 - INFO - new_object_list: ['chickpea', 'detergent', 'metal-nut-bolt', 'split-green-pea', 'wheat']
2024-12-02 23:11:11,413 - INFO - loss_func: TL
2024-12-02 23:11:11,413 - DEBUG - ========================= New Run =========================
2024-12-02 23:11:11,415 - INFO - Encoder loss function: TL
2024-12-02 23:11:11,415 - DEBUG - behaviors:, 6, ['1-look', '2-stirring-slow', '3-stirring-fast', '4-stirring-twist', '5-whisk', '6-poke']
2024-12-02 23:11:11,415 - DEBUG - objects: , 15, {'detergent', 'plastic-bead', 'cane-sugar', 'wooden-button', 'glass-bead', 'salt', 'chickpea', 'water', 'empty', 'chia-seed', 'wheat', 'styrofoam-bead', 'split-green-pea', 'metal-nut-bolt', 'kidney-bean'}
2024-12-02 23:11:11,415 - DEBUG - tools: , 6, {'metal-scissor', 'plastic-knife', 'metal-whisk', 'wooden-fork', 'wooden-chopstick', 'plastic-spoon'}
2024-12-02 23:11:11,415 - DEBUG - trials: , 10, {'trial-5', 'trial-1', 'trial-0', 'trial-2', 'trial-3', 'trial-4', 'trial-8', 'trial-7', 'trial-9', 'trial-6'}
2024-12-02 23:11:11,454 - INFO - Encoder loss function: TL
2024-12-02 23:11:11,454 - DEBUG - behaviors:, 6, ['1-look', '2-stirring-slow', '3-stirring-fast', '4-stirring-twist', '5-whisk', '6-poke']
2024-12-02 23:11:11,454 - DEBUG - objects: , 15, {'detergent', 'plastic-bead', 'cane-sugar', 'wooden-button', 'glass-bead', 'salt', 'chickpea', 'water', 'empty', 'chia-seed', 'wheat', 'styrofoam-bead', 'split-green-pea', 'metal-nut-bolt', 'kidney-bean'}
2024-12-02 23:11:11,454 - DEBUG - tools: , 6, {'metal-scissor', 'plastic-knife', 'metal-whisk', 'wooden-fork', 'wooden-chopstick', 'plastic-spoon'}
2024-12-02 23:11:11,454 - DEBUG - trials: , 10, {'trial-5', 'trial-1', 'trial-0', 'trial-2', 'trial-3', 'trial-4', 'trial-8', 'trial-7', 'trial-9', 'trial-6'}
2024-12-02 23:11:11,454 - WARNING - train_TL_fixed_param function currently only applies the best TL alpha and training learning rate, all other hyper-params are by default from configs.
2024-12-02 23:11:11,454 - DEBUG - ➡️ train_encoder..
2024-12-02 23:11:11,454 - DEBUG - ➡️ get_data_and_convert_labels...
2024-12-02 23:11:11,454 - DEBUG - get source data for encoder: ['plastic-spoon']: ['detergent', 'kidney-bean', 'plastic-bead', 'chia-seed', 'salt', 'empty', 'metal-nut-bolt', 'wooden-button', 'styrofoam-bead', 'water', 'glass-bead', 'wheat', 'cane-sugar', 'split-green-pea', 'chickpea']
2024-12-02 23:11:11,454 - DEBUG - ➡️get_data...
2024-12-02 23:11:11,458 - DEBUG - data mata: {'3-stirring-fast': {'plastic-spoon': {'detergent': 10, 'kidney-bean': 10, 'plastic-bead': 10, 'chia-seed': 10, 'salt': 10, 'empty': 10, 'metal-nut-bolt': 10, 'wooden-button': 10, 'styrofoam-bead': 10, 'water': 10, 'glass-bead': 10, 'wheat': 10, 'cane-sugar': 10, 'split-green-pea': 10, 'chickpea': 10}}}
2024-12-02 23:11:11,458 - DEBUG - structured source tool data shape: torch.Size([1, 1, 15, 10, 100])
2024-12-02 23:11:11,458 - DEBUG - structured source tool label shape: torch.Size([1, 1, 15, 10, 1])
2024-12-02 23:11:11,458 - DEBUG - get target data for encoder: ['metal-scissor']: ['detergent', 'kidney-bean', 'plastic-bead', 'chia-seed', 'salt', 'empty', 'metal-nut-bolt', 'wooden-button', 'styrofoam-bead', 'water', 'glass-bead', 'wheat']
2024-12-02 23:11:11,458 - DEBUG - ➡️get_data...
2024-12-02 23:11:11,459 - DEBUG - data mata: {'3-stirring-fast': {'metal-scissor': {'detergent': 10, 'kidney-bean': 10, 'plastic-bead': 10, 'chia-seed': 10, 'salt': 10, 'empty': 10, 'metal-nut-bolt': 10, 'wooden-button': 10, 'styrofoam-bead': 10, 'water': 10, 'glass-bead': 10, 'wheat': 10}}}
2024-12-02 23:11:11,459 - DEBUG - structured source tool data shape: torch.Size([1, 1, 12, 10, 100])
2024-12-02 23:11:11,459 - DEBUG - structured source tool label shape: torch.Size([1, 1, 12, 10, 1])
2024-12-02 23:11:14,865 - DEBUG - ➡️ plot_func for encoder: encoder_TL...
2024-12-02 23:11:15,396 - DEBUG - ➡️ train_classifier..
2024-12-02 23:11:15,396 - DEBUG - ➡️ prepare_data_classifier..
2024-12-02 23:11:15,396 - DEBUG - get source data for classifier from ['cane-sugar', 'split-green-pea', 'chickpea']
2024-12-02 23:11:15,396 - DEBUG - ➡️get_data...
2024-12-02 23:11:15,397 - DEBUG - data mata: {'3-stirring-fast': {'plastic-spoon': {'cane-sugar': 10, 'split-green-pea': 10, 'chickpea': 10}}}
2024-12-02 23:11:15,397 - DEBUG - structured source tool data shape: torch.Size([1, 1, 3, 10, 100])
2024-12-02 23:11:15,397 - DEBUG - structured source tool label shape: torch.Size([1, 1, 3, 10, 1])
2024-12-02 23:11:15,418 - DEBUG - train_truth: 
      tensor([[[[0, 0, 0, 0, 0, 0, 0, 0, 0, 0],
          [1, 1, 1, 1, 1, 1, 1, 1, 1, 1],
          [2, 2, 2, 2, 2, 2, 2, 2, 2, 2]]]], device='mps:0')
2024-12-02 23:11:15,418 - DEBUG - val_truth: 
      tensor([], device='mps:0', size=(1, 0, 3, 10), dtype=torch.int64)
2024-12-02 23:11:15,609 - DEBUG - ➡️ plot_func for classifier: classifier_TL...
2024-12-02 23:11:15,815 - INFO - Evaluating the classifier...
2024-12-02 23:11:15,815 - DEBUG - ➡️ eval..
2024-12-02 23:11:15,815 - DEBUG - ['metal-scissor']: ['cane-sugar', 'split-green-pea', 'chickpea']
2024-12-02 23:11:15,815 - DEBUG - ➡️get_data...
2024-12-02 23:11:15,816 - DEBUG - data mata: {'3-stirring-fast': {'metal-scissor': {'cane-sugar': 10, 'split-green-pea': 10, 'chickpea': 10}}}
2024-12-02 23:11:15,816 - DEBUG - structured source tool data shape: torch.Size([1, 1, 3, 10, 100])
2024-12-02 23:11:15,816 - DEBUG - structured source tool label shape: torch.Size([1, 1, 3, 10, 1])
2024-12-02 23:11:15,835 - INFO - 30 true labels: [0, 0, 0, 0, 0, 0, 0, 0, 0, 0, 1, 1, 1, 1, 1, 1, 1, 1, 1, 1, 2, 2, 2, 2, 2, 2, 2, 2, 2, 2]
2024-12-02 23:11:15,835 - INFO - 30 pred labels: [2, 2, 2, 2, 2, 2, 2, 2, 2, 2, 2, 2, 2, 2, 2, 2, 2, 2, 2, 2, 2, 2, 2, 2, 2, 2, 2, 2, 2, 2]
2024-12-02 23:11:15,835 - INFO - test accuracy: 33.33%, random guess accuracy: 33.33%
2024-12-02 23:11:15,835 - INFO - ✅✅✅ test accuracy is: 33.3%, random guess accuracy: 33.33%
2024-12-02 23:11:29,998 - INFO - input data name: audio_16kHz_token_down16_beh3.bin
2024-12-02 23:11:29,998 - INFO - behavior_list: ['3-stirring-fast'], modality_list: ['metal-scissor'], trail_list: [0, 1, 2, 3, 4, 5, 6, 7, 8, 9]
2024-12-02 23:11:29,998 - INFO - source_tool_list: ['plastic-spoon', 'wooden-fork', 'metal-whisk', 'wooden-chopstick', 'plastic-knife']
2024-12-02 23:11:29,998 - INFO - target_tool_list: ['metal-scissor']
2024-12-02 23:11:29,998 - INFO - old_object_list: ['cane-sugar', 'chia-seed', 'empty', 'glass-bead', 'plastic-bead', 'salt', 'kidney-bean', 'styrofoam-bead', 'water', 'wooden-button']
2024-12-02 23:11:29,998 - INFO - new_object_list: ['chickpea', 'detergent', 'metal-nut-bolt', 'split-green-pea', 'wheat']
2024-12-02 23:11:29,998 - INFO - loss_func: TL
2024-12-02 23:11:29,998 - DEBUG - ========================= New Run =========================
2024-12-02 23:11:30,000 - INFO - Encoder loss function: TL
2024-12-02 23:11:30,000 - DEBUG - behaviors:, 6, ['1-look', '2-stirring-slow', '3-stirring-fast', '4-stirring-twist', '5-whisk', '6-poke']
2024-12-02 23:11:30,000 - DEBUG - objects: , 15, {'styrofoam-bead', 'empty', 'metal-nut-bolt', 'chia-seed', 'wooden-button', 'salt', 'wheat', 'detergent', 'glass-bead', 'split-green-pea', 'cane-sugar', 'plastic-bead', 'water', 'kidney-bean', 'chickpea'}
2024-12-02 23:11:30,000 - DEBUG - tools: , 6, {'metal-whisk', 'plastic-knife', 'metal-scissor', 'wooden-fork', 'plastic-spoon', 'wooden-chopstick'}
2024-12-02 23:11:30,000 - DEBUG - trials: , 10, {'trial-2', 'trial-8', 'trial-5', 'trial-3', 'trial-6', 'trial-4', 'trial-9', 'trial-0', 'trial-1', 'trial-7'}
2024-12-02 23:11:30,041 - INFO - Encoder loss function: TL
2024-12-02 23:11:30,041 - DEBUG - behaviors:, 6, ['1-look', '2-stirring-slow', '3-stirring-fast', '4-stirring-twist', '5-whisk', '6-poke']
2024-12-02 23:11:30,041 - DEBUG - objects: , 15, {'styrofoam-bead', 'empty', 'metal-nut-bolt', 'chia-seed', 'wooden-button', 'salt', 'wheat', 'detergent', 'glass-bead', 'split-green-pea', 'cane-sugar', 'plastic-bead', 'water', 'kidney-bean', 'chickpea'}
2024-12-02 23:11:30,041 - DEBUG - tools: , 6, {'metal-whisk', 'plastic-knife', 'metal-scissor', 'wooden-fork', 'plastic-spoon', 'wooden-chopstick'}
2024-12-02 23:11:30,041 - DEBUG - trials: , 10, {'trial-2', 'trial-8', 'trial-5', 'trial-3', 'trial-6', 'trial-4', 'trial-9', 'trial-0', 'trial-1', 'trial-7'}
2024-12-02 23:11:30,041 - WARNING - train_TL_fixed_param function currently only applies the best TL alpha and training learning rate, all other hyper-params are by default from configs.
2024-12-02 23:11:30,041 - DEBUG - ➡️ train_encoder..
2024-12-02 23:11:30,041 - DEBUG - ➡️ get_data_and_convert_labels...
2024-12-02 23:11:30,041 - DEBUG - get source data for encoder: ['plastic-spoon']: ['detergent', 'kidney-bean', 'plastic-bead', 'chia-seed', 'salt', 'empty', 'metal-nut-bolt', 'wooden-button', 'styrofoam-bead', 'water', 'glass-bead', 'wheat', 'cane-sugar', 'split-green-pea', 'chickpea']
2024-12-02 23:11:30,041 - DEBUG - ➡️get_data...
2024-12-02 23:11:30,044 - DEBUG - data mata: {'3-stirring-fast': {'plastic-spoon': {'detergent': 10, 'kidney-bean': 10, 'plastic-bead': 10, 'chia-seed': 10, 'salt': 10, 'empty': 10, 'metal-nut-bolt': 10, 'wooden-button': 10, 'styrofoam-bead': 10, 'water': 10, 'glass-bead': 10, 'wheat': 10, 'cane-sugar': 10, 'split-green-pea': 10, 'chickpea': 10}}}
2024-12-02 23:11:30,044 - DEBUG - structured source tool data shape: torch.Size([1, 1, 15, 10, 100])
2024-12-02 23:11:30,044 - DEBUG - structured source tool label shape: torch.Size([1, 1, 15, 10, 1])
2024-12-02 23:11:30,044 - DEBUG - get target data for encoder: ['metal-scissor']: ['detergent', 'kidney-bean', 'plastic-bead', 'chia-seed', 'salt', 'empty', 'metal-nut-bolt', 'wooden-button', 'styrofoam-bead', 'water', 'glass-bead', 'wheat']
2024-12-02 23:11:30,044 - DEBUG - ➡️get_data...
2024-12-02 23:11:30,045 - DEBUG - data mata: {'3-stirring-fast': {'metal-scissor': {'detergent': 10, 'kidney-bean': 10, 'plastic-bead': 10, 'chia-seed': 10, 'salt': 10, 'empty': 10, 'metal-nut-bolt': 10, 'wooden-button': 10, 'styrofoam-bead': 10, 'water': 10, 'glass-bead': 10, 'wheat': 10}}}
2024-12-02 23:11:30,045 - DEBUG - structured source tool data shape: torch.Size([1, 1, 12, 10, 100])
2024-12-02 23:11:30,045 - DEBUG - structured source tool label shape: torch.Size([1, 1, 12, 10, 1])
2024-12-02 23:11:33,419 - DEBUG - ➡️ plot_func for encoder: encoder_TL...
2024-12-02 23:11:33,931 - DEBUG - ➡️ train_classifier..
2024-12-02 23:11:33,932 - DEBUG - ➡️ prepare_data_classifier..
2024-12-02 23:11:33,932 - DEBUG - get source data for classifier from ['cane-sugar', 'split-green-pea', 'chickpea']
2024-12-02 23:11:33,932 - DEBUG - ➡️get_data...
2024-12-02 23:11:33,933 - DEBUG - data mata: {'3-stirring-fast': {'plastic-spoon': {'cane-sugar': 10, 'split-green-pea': 10, 'chickpea': 10}}}
2024-12-02 23:11:33,933 - DEBUG - structured source tool data shape: torch.Size([1, 1, 3, 10, 100])
2024-12-02 23:11:33,933 - DEBUG - structured source tool label shape: torch.Size([1, 1, 3, 10, 1])
2024-12-02 23:11:33,956 - DEBUG - train_truth: 
      tensor([[[[0, 0, 0, 0, 0, 0, 0, 0, 0, 0],
          [1, 1, 1, 1, 1, 1, 1, 1, 1, 1],
          [2, 2, 2, 2, 2, 2, 2, 2, 2, 2]]]], device='mps:0')
2024-12-02 23:11:33,956 - DEBUG - val_truth: 
      tensor([], device='mps:0', size=(1, 0, 3, 10), dtype=torch.int64)
2024-12-02 23:11:34,117 - DEBUG - ➡️ plot_func for classifier: classifier_TL...
2024-12-02 23:11:34,323 - INFO - Evaluating the classifier...
2024-12-02 23:11:34,323 - DEBUG - ➡️ eval..
2024-12-02 23:11:34,323 - DEBUG - ['metal-scissor']: ['cane-sugar', 'split-green-pea', 'chickpea']
2024-12-02 23:11:34,323 - DEBUG - ➡️get_data...
2024-12-02 23:11:34,324 - DEBUG - data mata: {'3-stirring-fast': {'metal-scissor': {'cane-sugar': 10, 'split-green-pea': 10, 'chickpea': 10}}}
2024-12-02 23:11:34,324 - DEBUG - structured source tool data shape: torch.Size([1, 1, 3, 10, 100])
2024-12-02 23:11:34,324 - DEBUG - structured source tool label shape: torch.Size([1, 1, 3, 10, 1])
2024-12-02 23:11:34,344 - INFO - 30 true labels: [0, 0, 0, 0, 0, 0, 0, 0, 0, 0, 1, 1, 1, 1, 1, 1, 1, 1, 1, 1, 2, 2, 2, 2, 2, 2, 2, 2, 2, 2]
2024-12-02 23:11:34,344 - INFO - 30 pred labels: [2, 2, 2, 2, 2, 2, 2, 2, 2, 2, 2, 2, 2, 2, 2, 2, 2, 2, 2, 2, 2, 2, 2, 2, 2, 2, 2, 2, 2, 2]
2024-12-02 23:11:34,344 - INFO - test accuracy: 33.33%, random guess accuracy: 33.33%
2024-12-02 23:11:34,344 - INFO - ✅✅✅ test accuracy is: 33.3%, random guess accuracy: 33.33%
2024-12-02 23:11:34,344 - DEBUG - ➡️ get_all_embeddings...
2024-12-02 23:11:34,344 - DEBUG - ➡️get_data...
2024-12-02 23:11:34,344 - DEBUG - No data.
2024-12-02 23:11:34,344 - DEBUG - encoded_data shape for ['plastic-spoon', 'wooden-fork', 'metal-whisk', 'wooden-chopstick', 'plastic-knife'] and 0 objects: (0, 2)
2024-12-02 23:11:34,344 - DEBUG - labels shape for ['plastic-spoon', 'wooden-fork', 'metal-whisk', 'wooden-chopstick', 'plastic-knife'] and 0 objects: (0, 1)
2024-12-02 23:11:34,344 - DEBUG - ➡️get_data...
2024-12-02 23:11:34,345 - DEBUG - data mata: {'3-stirring-fast': {'plastic-spoon': {'chickpea': 10, 'detergent': 10, 'metal-nut-bolt': 10, 'split-green-pea': 10, 'wheat': 10}, 'wooden-fork': {'chickpea': 10, 'detergent': 10, 'metal-nut-bolt': 10, 'split-green-pea': 10, 'wheat': 10}, 'metal-whisk': {'chickpea': 10, 'detergent': 10, 'metal-nut-bolt': 10, 'split-green-pea': 10, 'wheat': 10}, 'wooden-chopstick': {'chickpea': 10, 'detergent': 10, 'metal-nut-bolt': 10, 'split-green-pea': 10, 'wheat': 10}, 'plastic-knife': {'chickpea': 10, 'detergent': 10, 'metal-nut-bolt': 10, 'split-green-pea': 10, 'wheat': 10}}}
2024-12-02 23:11:34,345 - DEBUG - structured source tool data shape: torch.Size([1, 5, 5, 10, 100])
2024-12-02 23:11:34,345 - DEBUG - structured source tool label shape: torch.Size([1, 5, 5, 10, 1])
2024-12-02 23:11:34,416 - DEBUG - encoded_data shape for ['plastic-spoon', 'wooden-fork', 'metal-whisk', 'wooden-chopstick', 'plastic-knife'] and 5 objects: (250, 2)
2024-12-02 23:11:34,416 - DEBUG - labels shape for ['plastic-spoon', 'wooden-fork', 'metal-whisk', 'wooden-chopstick', 'plastic-knife'] and 5 objects: (250, 1)
2024-12-02 23:11:34,416 - DEBUG - ➡️get_data...
2024-12-02 23:11:34,416 - DEBUG - No data.
2024-12-02 23:11:34,416 - DEBUG - encoded_data shape for [] and 0 objects: (0, 2)
2024-12-02 23:11:34,416 - DEBUG - labels shape for [] and 0 objects: (0, 1)
2024-12-02 23:11:34,416 - DEBUG - ➡️get_data...
2024-12-02 23:11:34,416 - DEBUG - No data.
2024-12-02 23:11:34,416 - DEBUG - encoded_data shape for [] and 5 objects: (0, 2)
2024-12-02 23:11:34,416 - DEBUG - labels shape for [] and 5 objects: (0, 1)
2024-12-02 23:11:34,416 - DEBUG - ➡️get_data...
2024-12-02 23:11:34,416 - DEBUG - No data.
2024-12-02 23:11:34,416 - DEBUG - encoded_data shape for ['metal-scissor'] and 0 objects: (0, 2)
2024-12-02 23:11:34,416 - DEBUG - labels shape for ['metal-scissor'] and 0 objects: (0, 1)
2024-12-02 23:11:34,416 - DEBUG - ➡️get_data...
2024-12-02 23:11:34,417 - DEBUG - data mata: {'3-stirring-fast': {'metal-scissor': {'chickpea': 10, 'detergent': 10, 'metal-nut-bolt': 10, 'split-green-pea': 10, 'wheat': 10}}}
2024-12-02 23:11:34,417 - DEBUG - structured source tool data shape: torch.Size([1, 1, 5, 10, 100])
2024-12-02 23:11:34,417 - DEBUG - structured source tool label shape: torch.Size([1, 1, 5, 10, 1])
2024-12-02 23:11:34,440 - DEBUG - encoded_data shape for ['metal-scissor'] and 5 objects: (50, 2)
2024-12-02 23:11:34,440 - DEBUG - labels shape for ['metal-scissor'] and 5 objects: (50, 1)
2024-12-02 23:11:34,440 - DEBUG - groups of data: 6
2024-12-02 23:11:34,440 - DEBUG - groups of labels: 6
2024-12-02 23:11:34,454 - DEBUG - subset_obj_idx: [4, 7, 9], unique labels: [0 1 2]
2024-12-02 23:11:34,582 - DEBUG - subset_obj_idx: [4, 7, 9], unique labels: [0 1 2 3 4]
2024-12-02 23:17:59,758 - INFO - input data name: audio_16kHz_token_down16_beh3.bin
2024-12-02 23:17:59,758 - INFO - behavior_list: ['3-stirring-fast'], modality_list: ['metal-scissor'], trail_list: [0, 1, 2, 3, 4, 5, 6, 7, 8, 9]
2024-12-02 23:17:59,758 - INFO - source_tool_list: ['plastic-spoon', 'wooden-fork', 'metal-whisk', 'wooden-chopstick', 'plastic-knife']
2024-12-02 23:17:59,758 - INFO - target_tool_list: ['metal-scissor']
2024-12-02 23:17:59,758 - INFO - old_object_list: ['cane-sugar', 'chia-seed', 'empty', 'glass-bead', 'plastic-bead', 'salt', 'kidney-bean', 'styrofoam-bead', 'water', 'wooden-button']
2024-12-02 23:17:59,758 - INFO - new_object_list: ['chickpea', 'detergent', 'metal-nut-bolt', 'split-green-pea', 'wheat']
2024-12-02 23:17:59,758 - INFO - loss_func: TL
2024-12-02 23:17:59,759 - DEBUG - ========================= New Run =========================
2024-12-02 23:17:59,760 - INFO - Encoder loss function: TL
2024-12-02 23:17:59,760 - DEBUG - behaviors:, 6, ['1-look', '2-stirring-slow', '3-stirring-fast', '4-stirring-twist', '5-whisk', '6-poke']
2024-12-02 23:17:59,760 - DEBUG - objects: , 15, {'glass-bead', 'plastic-bead', 'water', 'chickpea', 'metal-nut-bolt', 'detergent', 'empty', 'salt', 'kidney-bean', 'split-green-pea', 'styrofoam-bead', 'wheat', 'chia-seed', 'cane-sugar', 'wooden-button'}
2024-12-02 23:17:59,760 - DEBUG - tools: , 6, {'metal-whisk', 'wooden-fork', 'plastic-spoon', 'metal-scissor', 'wooden-chopstick', 'plastic-knife'}
2024-12-02 23:17:59,760 - DEBUG - trials: , 10, {'trial-9', 'trial-6', 'trial-4', 'trial-3', 'trial-0', 'trial-1', 'trial-8', 'trial-7', 'trial-2', 'trial-5'}
2024-12-02 23:17:59,800 - INFO - Encoder loss function: TL
2024-12-02 23:17:59,801 - DEBUG - behaviors:, 6, ['1-look', '2-stirring-slow', '3-stirring-fast', '4-stirring-twist', '5-whisk', '6-poke']
2024-12-02 23:17:59,801 - DEBUG - objects: , 15, {'glass-bead', 'plastic-bead', 'water', 'chickpea', 'metal-nut-bolt', 'detergent', 'empty', 'salt', 'kidney-bean', 'split-green-pea', 'styrofoam-bead', 'wheat', 'chia-seed', 'cane-sugar', 'wooden-button'}
2024-12-02 23:17:59,801 - DEBUG - tools: , 6, {'metal-whisk', 'wooden-fork', 'plastic-spoon', 'metal-scissor', 'wooden-chopstick', 'plastic-knife'}
2024-12-02 23:17:59,801 - DEBUG - trials: , 10, {'trial-9', 'trial-6', 'trial-4', 'trial-3', 'trial-0', 'trial-1', 'trial-8', 'trial-7', 'trial-2', 'trial-5'}
2024-12-02 23:17:59,801 - WARNING - train_TL_fixed_param function currently only applies the best TL alpha and training learning rate, all other hyper-params are by default from configs.
2024-12-02 23:17:59,801 - DEBUG - ➡️ train_encoder..
2024-12-02 23:17:59,801 - DEBUG - ➡️ get_data_and_convert_labels...
2024-12-02 23:17:59,801 - DEBUG - get source data for encoder: ['plastic-spoon']: ['detergent', 'kidney-bean', 'plastic-bead', 'chia-seed', 'salt', 'empty', 'metal-nut-bolt', 'wooden-button', 'styrofoam-bead', 'water', 'glass-bead', 'wheat', 'cane-sugar', 'split-green-pea', 'chickpea']
2024-12-02 23:17:59,801 - DEBUG - ➡️get_data...
2024-12-02 23:17:59,804 - DEBUG - data mata: {'3-stirring-fast': {'plastic-spoon': {'detergent': 10, 'kidney-bean': 10, 'plastic-bead': 10, 'chia-seed': 10, 'salt': 10, 'empty': 10, 'metal-nut-bolt': 10, 'wooden-button': 10, 'styrofoam-bead': 10, 'water': 10, 'glass-bead': 10, 'wheat': 10, 'cane-sugar': 10, 'split-green-pea': 10, 'chickpea': 10}}}
2024-12-02 23:17:59,804 - DEBUG - structured source tool data shape: torch.Size([1, 1, 15, 10, 100])
2024-12-02 23:17:59,804 - DEBUG - structured source tool label shape: torch.Size([1, 1, 15, 10, 1])
2024-12-02 23:17:59,804 - DEBUG - get target data for encoder: ['metal-scissor']: ['detergent', 'kidney-bean', 'plastic-bead', 'chia-seed', 'salt', 'empty', 'metal-nut-bolt', 'wooden-button', 'styrofoam-bead', 'water', 'glass-bead', 'wheat']
2024-12-02 23:17:59,804 - DEBUG - ➡️get_data...
2024-12-02 23:17:59,805 - DEBUG - data mata: {'3-stirring-fast': {'metal-scissor': {'detergent': 10, 'kidney-bean': 10, 'plastic-bead': 10, 'chia-seed': 10, 'salt': 10, 'empty': 10, 'metal-nut-bolt': 10, 'wooden-button': 10, 'styrofoam-bead': 10, 'water': 10, 'glass-bead': 10, 'wheat': 10}}}
2024-12-02 23:17:59,805 - DEBUG - structured source tool data shape: torch.Size([1, 1, 12, 10, 100])
2024-12-02 23:17:59,805 - DEBUG - structured source tool label shape: torch.Size([1, 1, 12, 10, 1])
2024-12-02 23:18:03,189 - DEBUG - ➡️ plot_func for encoder: encoder_TL...
2024-12-02 23:18:03,726 - DEBUG - ➡️ train_classifier..
2024-12-02 23:18:03,726 - DEBUG - ➡️ prepare_data_classifier..
2024-12-02 23:18:03,726 - DEBUG - get source data for classifier from ['cane-sugar', 'split-green-pea', 'chickpea']
2024-12-02 23:18:03,726 - DEBUG - ➡️get_data...
2024-12-02 23:18:03,727 - DEBUG - data mata: {'3-stirring-fast': {'plastic-spoon': {'cane-sugar': 10, 'split-green-pea': 10, 'chickpea': 10}}}
2024-12-02 23:18:03,727 - DEBUG - structured source tool data shape: torch.Size([1, 1, 3, 10, 100])
2024-12-02 23:18:03,727 - DEBUG - structured source tool label shape: torch.Size([1, 1, 3, 10, 1])
2024-12-02 23:18:03,753 - DEBUG - train_truth: 
      tensor([[[[0, 0, 0, 0, 0, 0, 0, 0, 0, 0],
          [1, 1, 1, 1, 1, 1, 1, 1, 1, 1],
          [2, 2, 2, 2, 2, 2, 2, 2, 2, 2]]]], device='mps:0')
2024-12-02 23:18:03,753 - DEBUG - val_truth: 
      tensor([], device='mps:0', size=(1, 0, 3, 10), dtype=torch.int64)
2024-12-02 23:18:03,943 - DEBUG - ➡️ plot_func for classifier: classifier_TL...
2024-12-02 23:18:04,150 - INFO - Evaluating the classifier...
2024-12-02 23:18:04,150 - DEBUG - ➡️ eval..
2024-12-02 23:18:04,150 - DEBUG - ['metal-scissor']: ['cane-sugar', 'split-green-pea', 'chickpea']
2024-12-02 23:18:04,150 - DEBUG - ➡️get_data...
2024-12-02 23:18:04,150 - DEBUG - data mata: {'3-stirring-fast': {'metal-scissor': {'cane-sugar': 10, 'split-green-pea': 10, 'chickpea': 10}}}
2024-12-02 23:18:04,150 - DEBUG - structured source tool data shape: torch.Size([1, 1, 3, 10, 100])
2024-12-02 23:18:04,150 - DEBUG - structured source tool label shape: torch.Size([1, 1, 3, 10, 1])
2024-12-02 23:18:04,170 - INFO - 30 true labels: [0, 0, 0, 0, 0, 0, 0, 0, 0, 0, 1, 1, 1, 1, 1, 1, 1, 1, 1, 1, 2, 2, 2, 2, 2, 2, 2, 2, 2, 2]
2024-12-02 23:18:04,171 - INFO - 30 pred labels: [2, 2, 2, 2, 2, 2, 2, 2, 2, 2, 2, 2, 2, 2, 2, 2, 2, 2, 2, 2, 2, 2, 2, 2, 2, 2, 2, 2, 2, 2]
2024-12-02 23:18:04,171 - INFO - test accuracy: 33.33%, random guess accuracy: 33.33%
2024-12-02 23:18:04,171 - INFO - ✅✅✅ test accuracy is: 33.3%, random guess accuracy: 33.33%
2024-12-02 23:18:04,171 - DEBUG - ➡️ get_all_embeddings...
2024-12-02 23:18:04,171 - DEBUG - ➡️get_data...
2024-12-02 23:18:04,171 - DEBUG - No data.
2024-12-02 23:18:04,171 - DEBUG - encoded_data shape for ['plastic-spoon'] and 0 objects: (0, 2)
2024-12-02 23:18:04,171 - DEBUG - labels shape for ['plastic-spoon'] and 0 objects: (0, 1)
2024-12-02 23:18:04,171 - DEBUG - ➡️get_data...
2024-12-02 23:18:04,171 - DEBUG - data mata: {'3-stirring-fast': {'plastic-spoon': {'cane-sugar': 10, 'split-green-pea': 10, 'chickpea': 10}}}
2024-12-02 23:18:04,171 - DEBUG - structured source tool data shape: torch.Size([1, 1, 3, 10, 100])
2024-12-02 23:18:04,171 - DEBUG - structured source tool label shape: torch.Size([1, 1, 3, 10, 1])
2024-12-02 23:18:04,182 - DEBUG - encoded_data shape for ['plastic-spoon'] and 3 objects: (30, 2)
2024-12-02 23:18:04,182 - DEBUG - labels shape for ['plastic-spoon'] and 3 objects: (30, 1)
2024-12-02 23:18:04,182 - DEBUG - ➡️get_data...
2024-12-02 23:18:04,182 - DEBUG - No data.
2024-12-02 23:18:04,182 - DEBUG - encoded_data shape for [] and 0 objects: (0, 2)
2024-12-02 23:18:04,182 - DEBUG - labels shape for [] and 0 objects: (0, 1)
2024-12-02 23:18:04,182 - DEBUG - ➡️get_data...
2024-12-02 23:18:04,182 - DEBUG - No data.
2024-12-02 23:18:04,182 - DEBUG - encoded_data shape for [] and 3 objects: (0, 2)
2024-12-02 23:18:04,182 - DEBUG - labels shape for [] and 3 objects: (0, 1)
2024-12-02 23:18:04,182 - DEBUG - ➡️get_data...
2024-12-02 23:18:04,182 - DEBUG - No data.
2024-12-02 23:18:04,182 - DEBUG - encoded_data shape for ['metal-scissor'] and 0 objects: (0, 2)
2024-12-02 23:18:04,182 - DEBUG - labels shape for ['metal-scissor'] and 0 objects: (0, 1)
2024-12-02 23:18:04,182 - DEBUG - ➡️get_data...
2024-12-02 23:18:04,182 - DEBUG - data mata: {'3-stirring-fast': {'metal-scissor': {'cane-sugar': 10, 'split-green-pea': 10, 'chickpea': 10}}}
2024-12-02 23:18:04,182 - DEBUG - structured source tool data shape: torch.Size([1, 1, 3, 10, 100])
2024-12-02 23:18:04,182 - DEBUG - structured source tool label shape: torch.Size([1, 1, 3, 10, 1])
2024-12-02 23:18:04,190 - DEBUG - encoded_data shape for ['metal-scissor'] and 3 objects: (30, 2)
2024-12-02 23:18:04,190 - DEBUG - labels shape for ['metal-scissor'] and 3 objects: (30, 1)
2024-12-02 23:18:04,190 - DEBUG - groups of data: 6
2024-12-02 23:18:04,190 - DEBUG - groups of labels: 6
2024-12-02 23:18:04,204 - DEBUG - subset_obj_idx: [4, 7, 9], unique labels: [0 2]
2024-12-02 23:18:04,334 - DEBUG - subset_obj_idx: [4, 7, 9], unique labels: [0 1 2]
2024-12-02 23:18:04,335 - DEBUG - subset_obj_idx: [4, 7, 9], unique labels: [0 1 2]
2024-12-02 23:18:04,335 - DEBUG - subset_obj_idx: [4, 7, 9], unique labels: []
2024-12-02 23:18:38,048 - INFO - input data name: audio_16kHz_token_down16_beh3.bin
2024-12-02 23:18:38,048 - INFO - behavior_list: ['3-stirring-fast'], modality_list: ['metal-scissor'], trail_list: [0, 1, 2, 3, 4, 5, 6, 7, 8, 9]
2024-12-02 23:18:38,048 - INFO - source_tool_list: ['plastic-spoon', 'wooden-fork', 'metal-whisk', 'wooden-chopstick', 'plastic-knife']
2024-12-02 23:18:38,048 - INFO - target_tool_list: ['metal-scissor']
2024-12-02 23:18:38,048 - INFO - old_object_list: ['cane-sugar', 'chia-seed', 'empty', 'glass-bead', 'plastic-bead', 'salt', 'kidney-bean', 'styrofoam-bead', 'water', 'wooden-button']
2024-12-02 23:18:38,048 - INFO - new_object_list: ['chickpea', 'detergent', 'metal-nut-bolt', 'split-green-pea', 'wheat']
2024-12-02 23:18:38,048 - INFO - loss_func: TL
2024-12-02 23:18:38,049 - DEBUG - ========================= New Run =========================
2024-12-02 23:18:38,050 - INFO - Encoder loss function: TL
2024-12-02 23:18:38,050 - DEBUG - behaviors:, 6, ['1-look', '2-stirring-slow', '3-stirring-fast', '4-stirring-twist', '5-whisk', '6-poke']
2024-12-02 23:18:38,050 - DEBUG - objects: , 15, {'styrofoam-bead', 'detergent', 'kidney-bean', 'chia-seed', 'water', 'chickpea', 'wheat', 'salt', 'wooden-button', 'metal-nut-bolt', 'glass-bead', 'split-green-pea', 'plastic-bead', 'cane-sugar', 'empty'}
2024-12-02 23:18:38,050 - DEBUG - tools: , 6, {'plastic-knife', 'wooden-fork', 'metal-scissor', 'plastic-spoon', 'metal-whisk', 'wooden-chopstick'}
2024-12-02 23:18:38,050 - DEBUG - trials: , 10, {'trial-3', 'trial-4', 'trial-9', 'trial-5', 'trial-7', 'trial-8', 'trial-0', 'trial-1', 'trial-2', 'trial-6'}
2024-12-02 23:18:38,088 - INFO - Encoder loss function: TL
2024-12-02 23:18:38,088 - DEBUG - behaviors:, 6, ['1-look', '2-stirring-slow', '3-stirring-fast', '4-stirring-twist', '5-whisk', '6-poke']
2024-12-02 23:18:38,088 - DEBUG - objects: , 15, {'styrofoam-bead', 'detergent', 'kidney-bean', 'chia-seed', 'water', 'chickpea', 'wheat', 'salt', 'wooden-button', 'metal-nut-bolt', 'glass-bead', 'split-green-pea', 'plastic-bead', 'cane-sugar', 'empty'}
2024-12-02 23:18:38,089 - DEBUG - tools: , 6, {'plastic-knife', 'wooden-fork', 'metal-scissor', 'plastic-spoon', 'metal-whisk', 'wooden-chopstick'}
2024-12-02 23:18:38,089 - DEBUG - trials: , 10, {'trial-3', 'trial-4', 'trial-9', 'trial-5', 'trial-7', 'trial-8', 'trial-0', 'trial-1', 'trial-2', 'trial-6'}
2024-12-02 23:18:38,089 - WARNING - train_TL_fixed_param function currently only applies the best TL alpha and training learning rate, all other hyper-params are by default from configs.
2024-12-02 23:18:38,089 - DEBUG - ➡️ train_encoder..
2024-12-02 23:18:38,089 - DEBUG - ➡️ get_data_and_convert_labels...
2024-12-02 23:18:38,089 - DEBUG - get source data for encoder: ['plastic-spoon']: ['detergent', 'kidney-bean', 'plastic-bead', 'chia-seed', 'salt', 'empty', 'metal-nut-bolt', 'wooden-button', 'styrofoam-bead', 'water', 'glass-bead', 'wheat', 'cane-sugar', 'split-green-pea', 'chickpea']
2024-12-02 23:18:38,089 - DEBUG - ➡️get_data...
2024-12-02 23:18:38,092 - DEBUG - data mata: {'3-stirring-fast': {'plastic-spoon': {'detergent': 10, 'kidney-bean': 10, 'plastic-bead': 10, 'chia-seed': 10, 'salt': 10, 'empty': 10, 'metal-nut-bolt': 10, 'wooden-button': 10, 'styrofoam-bead': 10, 'water': 10, 'glass-bead': 10, 'wheat': 10, 'cane-sugar': 10, 'split-green-pea': 10, 'chickpea': 10}}}
2024-12-02 23:18:38,092 - DEBUG - structured source tool data shape: torch.Size([1, 1, 15, 10, 100])
2024-12-02 23:18:38,092 - DEBUG - structured source tool label shape: torch.Size([1, 1, 15, 10, 1])
2024-12-02 23:18:38,092 - DEBUG - get target data for encoder: ['metal-scissor']: ['detergent', 'kidney-bean', 'plastic-bead', 'chia-seed', 'salt', 'empty', 'metal-nut-bolt', 'wooden-button', 'styrofoam-bead', 'water', 'glass-bead', 'wheat']
2024-12-02 23:18:38,092 - DEBUG - ➡️get_data...
2024-12-02 23:18:38,093 - DEBUG - data mata: {'3-stirring-fast': {'metal-scissor': {'detergent': 10, 'kidney-bean': 10, 'plastic-bead': 10, 'chia-seed': 10, 'salt': 10, 'empty': 10, 'metal-nut-bolt': 10, 'wooden-button': 10, 'styrofoam-bead': 10, 'water': 10, 'glass-bead': 10, 'wheat': 10}}}
2024-12-02 23:18:38,093 - DEBUG - structured source tool data shape: torch.Size([1, 1, 12, 10, 100])
2024-12-02 23:18:38,093 - DEBUG - structured source tool label shape: torch.Size([1, 1, 12, 10, 1])
2024-12-02 23:19:01,914 - INFO - epoch 500/2000, loss: 0.2908
2024-12-02 23:19:24,488 - INFO - epoch 1000/2000, loss: 0.3862
2024-12-02 23:19:47,091 - INFO - epoch 1500/2000, loss: 0.4142
2024-12-02 23:20:09,912 - INFO - epoch 2000/2000, loss: 0.2493
2024-12-02 23:20:09,912 - DEBUG - ➡️ plot_func for encoder: encoder_TL...
2024-12-02 23:20:10,431 - DEBUG - ➡️ train_classifier..
2024-12-02 23:20:10,431 - DEBUG - ➡️ prepare_data_classifier..
2024-12-02 23:20:10,431 - DEBUG - get source data for classifier from ['cane-sugar', 'split-green-pea', 'chickpea']
2024-12-02 23:20:10,431 - DEBUG - ➡️get_data...
2024-12-02 23:20:10,432 - DEBUG - data mata: {'3-stirring-fast': {'plastic-spoon': {'cane-sugar': 10, 'split-green-pea': 10, 'chickpea': 10}}}
2024-12-02 23:20:10,432 - DEBUG - structured source tool data shape: torch.Size([1, 1, 3, 10, 100])
2024-12-02 23:20:10,432 - DEBUG - structured source tool label shape: torch.Size([1, 1, 3, 10, 1])
2024-12-02 23:20:10,455 - DEBUG - train_truth: 
      tensor([[[[0, 0, 0, 0, 0, 0, 0, 0, 0, 0],
          [1, 1, 1, 1, 1, 1, 1, 1, 1, 1],
          [2, 2, 2, 2, 2, 2, 2, 2, 2, 2]]]], device='mps:0')
2024-12-02 23:20:10,455 - DEBUG - val_truth: 
      tensor([], device='mps:0', size=(1, 0, 3, 10), dtype=torch.int64)
2024-12-02 23:20:11,340 - INFO - epoch 500/3000, train loss: 0.5087, train accuracy: 100.00%, random guess accuracy: 33.33%
2024-12-02 23:20:12,133 - INFO - epoch 1000/3000, train loss: 0.3564, train accuracy: 100.00%, random guess accuracy: 33.33%
2024-12-02 23:20:12,932 - INFO - epoch 1500/3000, train loss: 0.2718, train accuracy: 96.67%, random guess accuracy: 33.33%
2024-12-02 23:20:13,713 - INFO - epoch 2000/3000, train loss: 0.2163, train accuracy: 100.00%, random guess accuracy: 33.33%
2024-12-02 23:20:14,534 - INFO - epoch 2500/3000, train loss: 0.1771, train accuracy: 100.00%, random guess accuracy: 33.33%
2024-12-02 23:20:15,337 - INFO - epoch 3000/3000, train loss: 0.1478, train accuracy: 100.00%, random guess accuracy: 33.33%
2024-12-02 23:20:15,337 - DEBUG - ➡️ plot_func for classifier: classifier_TL...
2024-12-02 23:20:15,550 - INFO - Evaluating the classifier...
2024-12-02 23:20:15,550 - DEBUG - ➡️ eval..
2024-12-02 23:20:15,550 - DEBUG - ['metal-scissor']: ['cane-sugar', 'split-green-pea', 'chickpea']
2024-12-02 23:20:15,550 - DEBUG - ➡️get_data...
2024-12-02 23:20:15,551 - DEBUG - data mata: {'3-stirring-fast': {'metal-scissor': {'cane-sugar': 10, 'split-green-pea': 10, 'chickpea': 10}}}
2024-12-02 23:20:15,551 - DEBUG - structured source tool data shape: torch.Size([1, 1, 3, 10, 100])
2024-12-02 23:20:15,551 - DEBUG - structured source tool label shape: torch.Size([1, 1, 3, 10, 1])
2024-12-02 23:20:15,553 - INFO - 30 true labels: [0, 0, 0, 0, 0, 0, 0, 0, 0, 0, 1, 1, 1, 1, 1, 1, 1, 1, 1, 1, 2, 2, 2, 2, 2, 2, 2, 2, 2, 2]
2024-12-02 23:20:15,553 - INFO - 30 pred labels: [0, 0, 0, 0, 0, 0, 0, 0, 0, 1, 0, 1, 1, 0, 1, 1, 0, 0, 1, 1, 0, 2, 2, 2, 2, 2, 2, 2, 2, 2]
2024-12-02 23:20:15,554 - INFO - test accuracy: 80.00%, random guess accuracy: 33.33%
2024-12-02 23:20:15,554 - INFO - ✅✅✅ test accuracy is: 80.0%, random guess accuracy: 33.33%
2024-12-02 23:20:15,554 - DEBUG - ➡️ get_all_embeddings...
2024-12-02 23:20:15,554 - DEBUG - ➡️get_data...
2024-12-02 23:20:15,554 - DEBUG - No data.
2024-12-02 23:20:15,554 - DEBUG - encoded_data shape for ['plastic-spoon'] and 0 objects: (0, 2)
2024-12-02 23:20:15,554 - DEBUG - labels shape for ['plastic-spoon'] and 0 objects: (0, 1)
2024-12-02 23:20:15,554 - DEBUG - ➡️get_data...
2024-12-02 23:20:15,554 - DEBUG - data mata: {'3-stirring-fast': {'plastic-spoon': {'cane-sugar': 10, 'split-green-pea': 10, 'chickpea': 10}}}
2024-12-02 23:20:15,554 - DEBUG - structured source tool data shape: torch.Size([1, 1, 3, 10, 100])
2024-12-02 23:20:15,554 - DEBUG - structured source tool label shape: torch.Size([1, 1, 3, 10, 1])
2024-12-02 23:20:15,561 - DEBUG - encoded_data shape for ['plastic-spoon'] and 3 objects: (30, 2)
2024-12-02 23:20:15,561 - DEBUG - labels shape for ['plastic-spoon'] and 3 objects: (30, 1)
2024-12-02 23:20:15,561 - DEBUG - ➡️get_data...
2024-12-02 23:20:15,561 - DEBUG - No data.
2024-12-02 23:20:15,561 - DEBUG - encoded_data shape for [] and 0 objects: (0, 2)
2024-12-02 23:20:15,561 - DEBUG - labels shape for [] and 0 objects: (0, 1)
2024-12-02 23:20:15,561 - DEBUG - ➡️get_data...
2024-12-02 23:20:15,561 - DEBUG - No data.
2024-12-02 23:20:15,561 - DEBUG - encoded_data shape for [] and 3 objects: (0, 2)
2024-12-02 23:20:15,561 - DEBUG - labels shape for [] and 3 objects: (0, 1)
2024-12-02 23:20:15,561 - DEBUG - ➡️get_data...
2024-12-02 23:20:15,561 - DEBUG - No data.
2024-12-02 23:20:15,561 - DEBUG - encoded_data shape for ['metal-scissor'] and 0 objects: (0, 2)
2024-12-02 23:20:15,561 - DEBUG - labels shape for ['metal-scissor'] and 0 objects: (0, 1)
2024-12-02 23:20:15,561 - DEBUG - ➡️get_data...
2024-12-02 23:20:15,561 - DEBUG - data mata: {'3-stirring-fast': {'metal-scissor': {'cane-sugar': 10, 'split-green-pea': 10, 'chickpea': 10}}}
2024-12-02 23:20:15,561 - DEBUG - structured source tool data shape: torch.Size([1, 1, 3, 10, 100])
2024-12-02 23:20:15,561 - DEBUG - structured source tool label shape: torch.Size([1, 1, 3, 10, 1])
2024-12-02 23:20:15,568 - DEBUG - encoded_data shape for ['metal-scissor'] and 3 objects: (30, 2)
2024-12-02 23:20:15,568 - DEBUG - labels shape for ['metal-scissor'] and 3 objects: (30, 1)
2024-12-02 23:20:15,568 - DEBUG - groups of data: 6
2024-12-02 23:20:15,568 - DEBUG - groups of labels: 6
2024-12-02 23:20:15,584 - DEBUG - subset_obj_idx: [4, 7, 9], unique labels: [0 1 2]
2024-12-02 23:20:15,710 - DEBUG - subset_obj_idx: [4, 7, 9], unique labels: [0 1 2]
2024-12-02 23:20:15,710 - DEBUG - subset_obj_idx: [4, 7, 9], unique labels: [0 1 2]
2024-12-02 23:20:15,710 - DEBUG - subset_obj_idx: [4, 7, 9], unique labels: []
